<?xml version="1.0" encoding="UTF-8"?>
<testng-results ignored="0" total="2" passed="2" failed="0" skipped="0">
  <reporter-output>
  </reporter-output>
  <suite started-at="2023-10-29T16:58:56 IST" name="TESTNG" finished-at="2023-10-29T16:59:17 IST" duration-ms="20330">
    <groups>
    </groups>
    <test started-at="2023-10-29T16:58:56 IST" name="POM_maven" finished-at="2023-10-29T16:59:17 IST" duration-ms="20330">
      <class name="utility.Test_case">
        <test-method is-config="true" signature="Login()[pri:0, instance:utility.Test_case@49b0b76]" started-at="2023-10-29T16:58:56 IST" name="Login" finished-at="2023-10-29T16:59:10 IST" duration-ms="13538" status="PASS">
          <reporter-output>
          </reporter-output>
        </test-method> <!-- Login -->
        <test-method signature="adminclick()[pri:0, instance:utility.Test_case@49b0b76]" started-at="2023-10-29T16:59:10 IST" name="adminclick" finished-at="2023-10-29T16:59:15 IST" duration-ms="4956" status="PASS">
          <reporter-output>
          </reporter-output>
        </test-method> <!-- adminclick -->
        <test-method signature="adminpage()[pri:0, instance:utility.Test_case@49b0b76]" started-at="2023-10-29T16:59:15 IST" name="adminpage" finished-at="2023-10-29T16:59:16 IST" duration-ms="1426" status="PASS">
          <reporter-output>
          </reporter-output>
        </test-method> <!-- adminpage -->
        <test-method is-config="true" signature="close()[pri:0, instance:utility.Test_case@49b0b76]" started-at="2023-10-29T16:59:16 IST" name="close" finished-at="2023-10-29T16:59:17 IST" duration-ms="358" status="PASS">
          <reporter-output>
          </reporter-output>
        </test-method> <!-- close -->
        <test-method is-config="true" signature="tearDown()[pri:0, instance:utility.Test_case@49b0b76]" started-at="2023-10-29T16:59:17 IST" name="tearDown" finished-at="2023-10-29T16:59:23 IST" duration-ms="6074" status="PASS">
          <reporter-output>
          </reporter-output>
        </test-method> <!-- tearDown -->
      </class> <!-- utility.Test_case -->
    </test> <!-- POM_maven -->
  </suite> <!-- TESTNG -->
</testng-results>
